<?xml version="1.0" encoding="UTF-8"?>
<!-- Generated by org.testng.reporters.JUnitXMLReporter -->
<testsuite hostname="win764bit" name="Test 2" tests="3" failures="0" timestamp="4 Aug 2014 21:33:07 GMT" time="0.033" errors="0">
  <testcase name="testMethod" time="0.009" classname="persistent.UI_Automation_Wordpress.tryTestNG"/>
  <testcase name="testMethod2" time="0.001" classname="persistent.UI_Automation_Wordpress.tryTestNG"/>
  <testcase name="testMethod3" time="0.001" classname="persistent.UI_Automation_Wordpress.tryTestNG"/>
</testsuite> <!-- Test 2 -->
